<?xml version="1.0" encoding="UTF-8"?>
<!-- Generated by org.testng.reporters.JUnitXMLReporter -->
<testsuite ignored="0" hostname="Sparrow" failures="1" tests="1" name="Default test" time="16.521" errors="0" timestamp="2023-11-04T11:52:02 IST">
  <testcase classname="login.DWS_WishList_09_Test" name="addproductToWishList" time="2.061">
    <failure type="java.lang.StackOverflowError">
      <![CDATA[java.lang.StackOverflowError
at objectRepository.removeWishListPage.getSelectJewellery(removeWishListPage.java:33)
at objectRepository.removeWishListPage.getSelectJewellery(removeWishListPage.java:33)
at objectRepository.removeWishListPage.getSelectJewellery(removeWishListPage.java:33)
at objectRepository.removeWishListPage.getSelectJewellery(removeWishListPage.java:33)
at objectRepository.removeWishListPage.getSelectJewellery(removeWishListPage.java:33)
at objectRepository.removeWishListPage.getSelectJewellery(removeWishListPage.java:33)
at objectRepository.removeWishListPage.getSelectJewellery(removeWishListPage.java:33)
at objectRepository.removeWishListPage.getSelectJewellery(removeWishListPage.java:33)
at objectRepository.removeWishListPage.getSelectJewellery(removeWishListPage.java:33)
at objectRepository.removeWishListPage.getSelectJewellery(removeWishListPage.java:33)
at objectRepository.removeWishListPage.getSelectJewellery(removeWishListPage.java:33)
at objectRepository.removeWishListPage.getSelectJewellery(removeWishListPage.java:33)
at objectRepository.removeWishListPage.getSelectJewellery(removeWishListPage.java:33)
at objectRepository.removeWishListPage.getSelectJewellery(removeWishListPage.java:33)
at objectRepository.removeWishListPage.getSelectJewellery(removeWishListPage.java:33)
at objectRepository.removeWishListPage.getSelectJewellery(removeWishListPage.java:33)
at objectRepository.removeWishListPage.getSelectJewellery(removeWishListPage.java:33)
at objectRepository.removeWishListPage.getSelectJewellery(removeWishListPage.java:33)
at objectRepository.removeWishListPage.getSelectJewellery(removeWishListPage.java:33)
at objectRepository.removeWishListPage.getSelectJewellery(removeWishListPage.java:33)
at objectRepository.removeWishListPage.getSelectJewellery(removeWishListPage.java:33)
at objectRepository.removeWishListPage.getSelectJewellery(removeWishListPage.java:33)
at objectRepository.removeWishListPage.getSelectJewellery(removeWishListPage.java:33)
at objectRepository.removeWishListPage.getSelectJewellery(removeWishListPage.java:33)
at objectRepository.removeWishListPage.getSelectJewellery(removeWishListPage.java:33)
at objectRepository.removeWishListPage.getSelectJewellery(removeWishListPage.java:33)
at objectRepository.removeWishListPage.getSelectJewellery(removeWishListPage.java:33)
at objectRepository.removeWishListPage.getSelectJewellery(removeWishListPage.java:33)
at objectRepository.removeWishListPage.getSelectJewellery(removeWishListPage.java:33)
at objectRepository.removeWishListPage.getSelectJewellery(removeWishListPage.java:33)
at objectRepository.removeWishListPage.getSelectJewellery(removeWishListPage.java:33)
at objectRepository.removeWishListPage.getSelectJewellery(removeWishListPage.java:33)
at objectRepository.removeWishListPage.getSelectJewellery(removeWishListPage.java:33)
at objectRepository.removeWishListPage.getSelectJewellery(removeWishListPage.java:33)
at objectRepository.removeWishListPage.getSelectJewellery(removeWishListPage.java:33)
at objectRepository.removeWishListPage.getSelectJewellery(removeWishListPage.java:33)
at objectRepository.removeWishListPage.getSelectJewellery(removeWishListPage.java:33)
at objectRepository.removeWishListPage.getSelectJewellery(removeWishListPage.java:33)
at objectRepository.removeWishListPage.getSelectJewellery(removeWishListPage.java:33)
at objectRepository.removeWishListPage.getSelectJewellery(removeWishListPage.java:33)
at objectRepository.removeWishListPage.getSelectJewellery(removeWishListPage.java:33)
at objectRepository.removeWishListPage.getSelectJewellery(removeWishListPage.java:33)
at objectRepository.removeWishListPage.getSelectJewellery(removeWishListPage.java:33)
at objectRepository.removeWishListPage.getSelectJewellery(removeWishListPage.java:33)
at objectRepository.removeWishListPage.getSelectJewellery(removeWishListPage.java:33)
at objectRepository.removeWishListPage.getSelectJewellery(removeWishListPage.java:33)
at objectRepository.removeWishListPage.getSelectJewellery(removeWishListPage.java:33)
at objectRepository.removeWishListPage.getSelectJewellery(removeWishListPage.java:33)
at objectRepository.removeWishListPage.getSelectJewellery(removeWishListPage.java:33)
at objectRepository.removeWishListPage.getSelectJewellery(removeWishListPage.java:33)
at objectRepository.removeWishListPage.getSelectJewellery(removeWishListPage.java:33)
at objectRepository.removeWishListPage.getSelectJewellery(removeWishListPage.java:33)
at objectRepository.removeWishListPage.getSelectJewellery(removeWishListPage.java:33)
at objectRepository.removeWishListPage.getSelectJewellery(removeWishListPage.java:33)
at objectRepository.removeWishListPage.getSelectJewellery(removeWishListPage.java:33)
at objectRepository.removeWishListPage.getSelectJewellery(removeWishListPage.java:33)
at objectRepository.removeWishListPage.getSelectJewellery(removeWishListPage.java:33)
at objectRepository.removeWishListPage.getSelectJewellery(removeWishListPage.java:33)
at objectRepository.removeWishListPage.getSelectJewellery(removeWishListPage.java:33)
at objectRepository.removeWishListPage.getSelectJewellery(removeWishListPage.java:33)
at objectRepository.removeWishListPage.getSelectJewellery(removeWishListPage.java:33)
at objectRepository.removeWishListPage.getSelectJewellery(removeWishListPage.java:33)
at objectRepository.removeWishListPage.getSelectJewellery(removeWishListPage.java:33)
at objectRepository.removeWishListPage.getSelectJewellery(removeWishListPage.java:33)
at objectRepository.removeWishListPage.getSelectJewellery(removeWishListPage.java:33)
at objectRepository.removeWishListPage.getSelectJewellery(removeWishListPage.java:33)
at objectRepository.removeWishListPage.getSelectJewellery(removeWishListPage.java:33)
at objectRepository.removeWishListPage.getSelectJewellery(removeWishListPage.java:33)
at objectRepository.removeWishListPage.getSelectJewellery(removeWishListPage.java:33)
at objectRepository.removeWishListPage.getSelectJewellery(removeWishListPage.java:33)
at objectRepository.removeWishListPage.getSelectJewellery(removeWishListPage.java:33)
at objectRepository.removeWishListPage.getSelectJewellery(removeWishListPage.java:33)
at objectRepository.removeWishListPage.getSelectJewellery(removeWishListPage.java:33)
at objectRepository.removeWishListPage.getSelectJewellery(removeWishListPage.java:33)
at objectRepository.removeWishListPage.getSelectJewellery(removeWishListPage.java:33)
at objectRepository.removeWishListPage.getSelectJewellery(removeWishListPage.java:33)
at objectRepository.removeWishListPage.getSelectJewellery(removeWishListPage.java:33)
at objectRepository.removeWishListPage.getSelectJewellery(removeWishListPage.java:33)
at objectRepository.removeWishListPage.getSelectJewellery(removeWishListPage.java:33)
at objectRepository.removeWishListPage.getSelectJewellery(removeWishListPage.java:33)
at objectRepository.removeWishListPage.getSelectJewellery(removeWishListPage.java:33)
at objectRepository.removeWishListPage.getSelectJewellery(removeWishListPage.java:33)
at objectRepository.removeWishListPage.getSelectJewellery(removeWishListPage.java:33)
at objectRepository.removeWishListPage.getSelectJewellery(removeWishListPage.java:33)
at objectRepository.removeWishListPage.getSelectJewellery(removeWishListPage.java:33)
at objectRepository.removeWishListPage.getSelectJewellery(removeWishListPage.java:33)
at objectRepository.removeWishListPage.getSelectJewellery(removeWishListPage.java:33)
at objectRepository.removeWishListPage.getSelectJewellery(removeWishListPage.java:33)
at objectRepository.removeWishListPage.getSelectJewellery(removeWishListPage.java:33)
at objectRepository.removeWishListPage.getSelectJewellery(removeWishListPage.java:33)
at objectRepository.removeWishListPage.getSelectJewellery(removeWishListPage.java:33)
at objectRepository.removeWishListPage.getSelectJewellery(removeWishListPage.java:33)
at objectRepository.removeWishListPage.getSelectJewellery(removeWishListPage.java:33)
at objectRepository.removeWishListPage.getSelectJewellery(removeWishListPage.java:33)
at objectRepository.removeWishListPage.getSelectJewellery(removeWishListPage.java:33)
at objectRepository.removeWishListPage.getSelectJewellery(removeWishListPage.java:33)
at objectRepository.removeWishListPage.getSelectJewellery(removeWishListPage.java:33)
at objectRepository.removeWishListPage.getSelectJewellery(removeWishListPage.java:33)
at objectRepository.removeWishListPage.getSelectJewellery(removeWishListPage.java:33)
at objectRepository.removeWishListPage.getSelectJewellery(removeWishListPage.java:33)
at objectRepository.removeWishListPage.getSelectJewellery(removeWishListPage.java:33)
at objectRepository.removeWishListPage.getSelectJewellery(removeWishListPage.java:33)
at objectRepository.removeWishListPage.getSelectJewellery(removeWishListPage.java:33)
at objectRepository.removeWishListPage.getSelectJewellery(removeWishListPage.java:33)
at objectRepository.removeWishListPage.getSelectJewellery(removeWishListPage.java:33)
at objectRepository.removeWishListPage.getSelectJewellery(removeWishListPage.java:33)
at objectRepository.removeWishListPage.getSelectJewellery(removeWishListPage.java:33)
at objectRepository.removeWishListPage.getSelectJewellery(removeWishListPage.java:33)
at objectRepository.removeWishListPage.getSelectJewellery(removeWishListPage.java:33)
at objectRepository.removeWishListPage.getSelectJewellery(removeWishListPage.java:33)
at objectRepository.removeWishListPage.getSelectJewellery(removeWishListPage.java:33)
at objectRepository.removeWishListPage.getSelectJewellery(removeWishListPage.java:33)
at objectRepository.removeWishListPage.getSelectJewellery(removeWishListPage.java:33)
at objectRepository.removeWishListPage.getSelectJewellery(removeWishListPage.java:33)
at objectRepository.removeWishListPage.getSelectJewellery(removeWishListPage.java:33)
at objectRepository.removeWishListPage.getSelectJewellery(removeWishListPage.java:33)
at objectRepository.removeWishListPage.getSelectJewellery(removeWishListPage.java:33)
at objectRepository.removeWishListPage.getSelectJewellery(removeWishListPage.java:33)
at objectRepository.removeWishListPage.getSelectJewellery(removeWishListPage.java:33)
at objectRepository.removeWishListPage.getSelectJewellery(removeWishListPage.java:33)
at objectRepository.removeWishListPage.getSelectJewellery(removeWishListPage.java:33)
at objectRepository.removeWishListPage.getSelectJewellery(removeWishListPage.java:33)
at objectRepository.removeWishListPage.getSelectJewellery(removeWishListPage.java:33)
at objectRepository.removeWishListPage.getSelectJewellery(removeWishListPage.java:33)
at objectRepository.removeWishListPage.getSelectJewellery(removeWishListPage.java:33)
at objectRepository.removeWishListPage.getSelectJewellery(removeWishListPage.java:33)
at objectRepository.removeWishListPage.getSelectJewellery(removeWishListPage.java:33)
at objectRepository.removeWishListPage.getSelectJewellery(removeWishListPage.java:33)
at objectRepository.removeWishListPage.getSelectJewellery(removeWishListPage.java:33)
at objectRepository.removeWishListPage.getSelectJewellery(removeWishListPage.java:33)
at objectRepository.removeWishListPage.getSelectJewellery(removeWishListPage.java:33)
at objectRepository.removeWishListPage.getSelectJewellery(removeWishListPage.java:33)
at objectRepository.removeWishListPage.getSelectJewellery(removeWishListPage.java:33)
at objectRepository.removeWishListPage.getSelectJewellery(removeWishListPage.java:33)
at objectRepository.removeWishListPage.getSelectJewellery(removeWishListPage.java:33)
at objectRepository.removeWishListPage.getSelectJewellery(removeWishListPage.java:33)
at objectRepository.removeWishListPage.getSelectJewellery(removeWishListPage.java:33)
at objectRepository.removeWishListPage.getSelectJewellery(removeWishListPage.java:33)
at objectRepository.removeWishListPage.getSelectJewellery(removeWishListPage.java:33)
at objectRepository.removeWishListPage.getSelectJewellery(removeWishListPage.java:33)
at objectRepository.removeWishListPage.getSelectJewellery(removeWishListPage.java:33)
at objectRepository.removeWishListPage.getSelectJewellery(removeWishListPage.java:33)
at objectRepository.removeWishListPage.getSelectJewellery(removeWishListPage.java:33)
at objectRepository.removeWishListPage.getSelectJewellery(removeWishListPage.java:33)
at objectRepository.removeWishListPage.getSelectJewellery(removeWishListPage.java:33)
at objectRepository.removeWishListPage.getSelectJewellery(removeWishListPage.java:33)
at objectRepository.removeWishListPage.getSelectJewellery(removeWishListPage.java:33)
at objectRepository.removeWishListPage.getSelectJewellery(removeWishListPage.java:33)
at objectRepository.removeWishListPage.getSelectJewellery(removeWishListPage.java:33)
at objectRepository.removeWishListPage.getSelectJewellery(removeWishListPage.java:33)
at objectRepository.removeWishListPage.getSelectJewellery(removeWishListPage.java:33)
at objectRepository.removeWishListPage.getSelectJewellery(removeWishListPage.java:33)
at objectRepository.removeWishListPage.getSelectJewellery(removeWishListPage.java:33)
at objectRepository.removeWishListPage.getSelectJewellery(removeWishListPage.java:33)
at objectRepository.removeWishListPage.getSelectJewellery(removeWishListPage.java:33)
at objectRepository.removeWishListPage.getSelectJewellery(removeWishListPage.java:33)
at objectRepository.removeWishListPage.getSelectJewellery(removeWishListPage.java:33)
at objectRepository.removeWishListPage.getSelectJewellery(removeWishListPage.java:33)
at objectRepository.removeWishListPage.getSelectJewellery(removeWishListPage.java:33)
at objectRepository.removeWishListPage.getSelectJewellery(removeWishListPage.java:33)
at objectRepository.removeWishListPage.getSelectJewellery(removeWishListPage.java:33)
at objectRepository.removeWishListPage.getSelectJewellery(removeWishListPage.java:33)
at objectRepository.removeWishListPage.getSelectJewellery(removeWishListPage.java:33)
at objectRepository.removeWishListPage.getSelectJewellery(removeWishListPage.java:33)
at objectRepository.removeWishListPage.getSelectJewellery(removeWishListPage.java:33)
at objectRepository.removeWishListPage.getSelectJewellery(removeWishListPage.java:33)
at objectRepository.removeWishListPage.getSelectJewellery(removeWishListPage.java:33)
at objectRepository.removeWishListPage.getSelectJewellery(removeWishListPage.java:33)
at objectRepository.removeWishListPage.getSelectJewellery(removeWishListPage.java:33)
at objectRepository.removeWishListPage.getSelectJewellery(removeWishListPage.java:33)
at objectRepository.removeWishListPage.getSelectJewellery(removeWishListPage.java:33)
at objectRepository.removeWishListPage.getSelectJewellery(removeWishListPage.java:33)
at objectRepository.removeWishListPage.getSelectJewellery(removeWishListPage.java:33)
at objectRepository.removeWishListPage.getSelectJewellery(removeWishListPage.java:33)
at objectRepository.removeWishListPage.getSelectJewellery(removeWishListPage.java:33)
at objectRepository.removeWishListPage.getSelectJewellery(removeWishListPage.java:33)
at objectRepository.removeWishListPage.getSelectJewellery(removeWishListPage.java:33)
at objectRepository.removeWishListPage.getSelectJewellery(removeWishListPage.java:33)
at objectRepository.removeWishListPage.getSelectJewellery(removeWishListPage.java:33)
at objectRepository.removeWishListPage.getSelectJewellery(removeWishListPage.java:33)
at objectRepository.removeWishListPage.getSelectJewellery(removeWishListPage.java:33)
at objectRepository.removeWishListPage.getSelectJewellery(removeWishListPage.java:33)
at objectRepository.removeWishListPage.getSelectJewellery(removeWishListPage.java:33)
at objectRepository.removeWishListPage.getSelectJewellery(removeWishListPage.java:33)
at objectRepository.removeWishListPage.getSelectJewellery(removeWishListPage.java:33)
at objectRepository.removeWishListPage.getSelectJewellery(removeWishListPage.java:33)
at objectRepository.removeWishListPage.getSelectJewellery(removeWishListPage.java:33)
at objectRepository.removeWishListPage.getSelectJewellery(removeWishListPage.java:33)
at objectRepository.removeWishListPage.getSelectJewellery(removeWishListPage.java:33)
at objectRepository.removeWishListPage.getSelectJewellery(removeWishListPage.java:33)
at objectRepository.removeWishListPage.getSelectJewellery(removeWishListPage.java:33)
at objectRepository.removeWishListPage.getSelectJewellery(removeWishListPage.java:33)
at objectRepository.removeWishListPage.getSelectJewellery(removeWishListPage.java:33)
at objectRepository.removeWishListPage.getSelectJewellery(removeWishListPage.java:33)
at objectRepository.removeWishListPage.getSelectJewellery(removeWishListPage.java:33)
at objectRepository.removeWishListPage.getSelectJewellery(removeWishListPage.java:33)
at objectRepository.removeWishListPage.getSelectJewellery(removeWishListPage.java:33)
at objectRepository.removeWishListPage.getSelectJewellery(removeWishListPage.java:33)
at objectRepository.removeWishListPage.getSelectJewellery(removeWishListPage.java:33)
at objectRepository.removeWishListPage.getSelectJewellery(removeWishListPage.java:33)
at objectRepository.removeWishListPage.getSelectJewellery(removeWishListPage.java:33)
at objectRepository.removeWishListPage.getSelectJewellery(removeWishListPage.java:33)
at objectRepository.removeWishListPage.getSelectJewellery(removeWishListPage.java:33)
at objectRepository.removeWishListPage.getSelectJewellery(removeWishListPage.java:33)
at objectRepository.removeWishListPage.getSelectJewellery(removeWishListPage.java:33)
at objectRepository.removeWishListPage.getSelectJewellery(removeWishListPage.java:33)
at objectRepository.removeWishListPage.getSelectJewellery(removeWishListPage.java:33)
at objectRepository.removeWishListPage.getSelectJewellery(removeWishListPage.java:33)
at objectRepository.removeWishListPage.getSelectJewellery(removeWishListPage.java:33)
at objectRepository.removeWishListPage.getSelectJewellery(removeWishListPage.java:33)
at objectRepository.removeWishListPage.getSelectJewellery(removeWishListPage.java:33)
at objectRepository.removeWishListPage.getSelectJewellery(removeWishListPage.java:33)
at objectRepository.removeWishListPage.getSelectJewellery(removeWishListPage.java:33)
at objectRepository.removeWishListPage.getSelectJewellery(removeWishListPage.java:33)
at objectRepository.removeWishListPage.getSelectJewellery(removeWishListPage.java:33)
at objectRepository.removeWishListPage.getSelectJewellery(removeWishListPage.java:33)
at objectRepository.removeWishListPage.getSelectJewellery(removeWishListPage.java:33)
at objectRepository.removeWishListPage.getSelectJewellery(removeWishListPage.java:33)
at objectRepository.removeWishListPage.getSelectJewellery(removeWishListPage.java:33)
at objectRepository.removeWishListPage.getSelectJewellery(removeWishListPage.java:33)
at objectRepository.removeWishListPage.getSelectJewellery(removeWishListPage.java:33)
at objectRepository.removeWishListPage.getSelectJewellery(removeWishListPage.java:33)
at objectRepository.removeWishListPage.getSelectJewellery(removeWishListPage.java:33)
at objectRepository.removeWishListPage.getSelectJewellery(removeWishListPage.java:33)
at objectRepository.removeWishListPage.getSelectJewellery(removeWishListPage.java:33)
at objectRepository.removeWishListPage.getSelectJewellery(removeWishListPage.java:33)
at objectRepository.removeWishListPage.getSelectJewellery(removeWishListPage.java:33)
at objectRepository.removeWishListPage.getSelectJewellery(removeWishListPage.java:33)
at objectRepository.removeWishListPage.getSelectJewellery(removeWishListPage.java:33)
at objectRepository.removeWishListPage.getSelectJewellery(removeWishListPage.java:33)
at objectRepository.removeWishListPage.getSelectJewellery(removeWishListPage.java:33)
at objectRepository.removeWishListPage.getSelectJewellery(removeWishListPage.java:33)
at objectRepository.removeWishListPage.getSelectJewellery(removeWishListPage.java:33)
at objectRepository.removeWishListPage.getSelectJewellery(removeWishListPage.java:33)
at objectRepository.removeWishListPage.getSelectJewellery(removeWishListPage.java:33)
at objectRepository.removeWishListPage.getSelectJewellery(removeWishListPage.java:33)
at objectRepository.removeWishListPage.getSelectJewellery(removeWishListPage.java:33)
at objectRepository.removeWishListPage.getSelectJewellery(removeWishListPage.java:33)
at objectRepository.removeWishListPage.getSelectJewellery(removeWishListPage.java:33)
at objectRepository.removeWishListPage.getSelectJewellery(removeWishListPage.java:33)
at objectRepository.removeWishListPage.getSelectJewellery(removeWishListPage.java:33)
at objectRepository.removeWishListPage.getSelectJewellery(removeWishListPage.java:33)
at objectRepository.removeWishListPage.getSelectJewellery(removeWishListPage.java:33)
at objectRepository.removeWishListPage.getSelectJewellery(removeWishListPage.java:33)
at objectRepository.removeWishListPage.getSelectJewellery(removeWishListPage.java:33)
at objectRepository.removeWishListPage.getSelectJewellery(removeWishListPage.java:33)
at objectRepository.removeWishListPage.getSelectJewellery(removeWishListPage.java:33)
at objectRepository.removeWishListPage.getSelectJewellery(removeWishListPage.java:33)
at objectRepository.removeWishListPage.getSelectJewellery(removeWishListPage.java:33)
at objectRepository.removeWishListPage.getSelectJewellery(removeWishListPage.java:33)
at objectRepository.removeWishListPage.getSelectJewellery(removeWishListPage.java:33)
at objectRepository.removeWishListPage.getSelectJewellery(removeWishListPage.java:33)
at objectRepository.removeWishListPage.getSelectJewellery(removeWishListPage.java:33)
at objectRepository.removeWishListPage.getSelectJewellery(removeWishListPage.java:33)
at objectRepository.removeWishListPage.getSelectJewellery(removeWishListPage.java:33)
at objectRepository.removeWishListPage.getSelectJewellery(removeWishListPage.java:33)
at objectRepository.removeWishListPage.getSelectJewellery(removeWishListPage.java:33)
at objectRepository.removeWishListPage.getSelectJewellery(removeWishListPage.java:33)
at objectRepository.removeWishListPage.getSelectJewellery(removeWishListPage.java:33)
at objectRepository.removeWishListPage.getSelectJewellery(removeWishListPage.java:33)
at objectRepository.removeWishListPage.getSelectJewellery(removeWishListPage.java:33)
at objectRepository.removeWishListPage.getSelectJewellery(removeWishListPage.java:33)
at objectRepository.removeWishListPage.getSelectJewellery(removeWishListPage.java:33)
at objectRepository.removeWishListPage.getSelectJewellery(removeWishListPage.java:33)
at objectRepository.removeWishListPage.getSelectJewellery(removeWishListPage.java:33)
at objectRepository.removeWishListPage.getSelectJewellery(removeWishListPage.java:33)
at objectRepository.removeWishListPage.getSelectJewellery(removeWishListPage.java:33)
at objectRepository.removeWishListPage.getSelectJewellery(removeWishListPage.java:33)
at objectRepository.removeWishListPage.getSelectJewellery(removeWishListPage.java:33)
at objectRepository.removeWishListPage.getSelectJewellery(removeWishListPage.java:33)
at objectRepository.removeWishListPage.getSelectJewellery(removeWishListPage.java:33)
at objectRepository.removeWishListPage.getSelectJewellery(removeWishListPage.java:33)
at objectRepository.removeWishListPage.getSelectJewellery(removeWishListPage.java:33)
at objectRepository.removeWishListPage.getSelectJewellery(removeWishListPage.java:33)
at objectRepository.removeWishListPage.getSelectJewellery(removeWishListPage.java:33)
at objectRepository.removeWishListPage.getSelectJewellery(removeWishListPage.java:33)
at objectRepository.removeWishListPage.getSelectJewellery(removeWishListPage.java:33)
at objectRepository.removeWishListPage.getSelectJewellery(removeWishListPage.java:33)
at objectRepository.removeWishListPage.getSelectJewellery(removeWishListPage.java:33)
at objectRepository.removeWishListPage.getSelectJewellery(removeWishListPage.java:33)
at objectRepository.removeWishListPage.getSelectJewellery(removeWishListPage.java:33)
at objectRepository.removeWishListPage.getSelectJewellery(removeWishListPage.java:33)
at objectRepository.removeWishListPage.getSelectJewellery(removeWishListPage.java:33)
at objectRepository.removeWishListPage.getSelectJewellery(removeWishListPage.java:33)
at objectRepository.removeWishListPage.getSelectJewellery(removeWishListPage.java:33)
at objectRepository.removeWishListPage.getSelectJewellery(removeWishListPage.java:33)
at objectRepository.removeWishListPage.getSelectJewellery(removeWishListPage.java:33)
at objectRepository.removeWishListPage.getSelectJewellery(removeWishListPage.java:33)
at objectRepository.removeWishListPage.getSelectJewellery(removeWishListPage.java:33)
at objectRepository.removeWishListPage.getSelectJewellery(removeWishListPage.java:33)
at objectRepository.removeWishListPage.getSelectJewellery(removeWishListPage.java:33)
at objectRepository.removeWishListPage.getSelectJewellery(removeWishListPage.java:33)
at objectRepository.removeWishListPage.getSelectJewellery(removeWishListPage.java:33)
at objectRepository.removeWishListPage.getSelectJewellery(removeWishListPage.java:33)
at objectRepository.removeWishListPage.getSelectJewellery(removeWishListPage.java:33)
at objectRepository.removeWishListPage.getSelectJewellery(removeWishListPage.java:33)
at objectRepository.removeWishListPage.getSelectJewellery(removeWishListPage.java:33)
at objectRepository.removeWishListPage.getSelectJewellery(removeWishListPage.java:33)
at objectRepository.removeWishListPage.getSelectJewellery(removeWishListPage.java:33)
at objectRepository.removeWishListPage.getSelectJewellery(removeWishListPage.java:33)
at objectRepository.removeWishListPage.getSelectJewellery(removeWishListPage.java:33)
at objectRepository.removeWishListPage.getSelectJewellery(removeWishListPage.java:33)
at objectRepository.removeWishListPage.getSelectJewellery(removeWishListPage.java:33)
at objectRepository.removeWishListPage.getSelectJewellery(removeWishListPage.java:33)
at objectRepository.removeWishListPage.getSelectJewellery(removeWishListPage.java:33)
at objectRepository.removeWishListPage.getSelectJewellery(removeWishListPage.java:33)
at objectRepository.removeWishListPage.getSelectJewellery(removeWishListPage.java:33)
at objectRepository.removeWishListPage.getSelectJewellery(removeWishListPage.java:33)
at objectRepository.removeWishListPage.getSelectJewellery(removeWishListPage.java:33)
at objectRepository.removeWishListPage.getSelectJewellery(removeWishListPage.java:33)
at objectRepository.removeWishListPage.getSelectJewellery(removeWishListPage.java:33)
at objectRepository.removeWishListPage.getSelectJewellery(removeWishListPage.java:33)
at objectRepository.removeWishListPage.getSelectJewellery(removeWishListPage.java:33)
at objectRepository.removeWishListPage.getSelectJewellery(removeWishListPage.java:33)
at objectRepository.removeWishListPage.getSelectJewellery(removeWishListPage.java:33)
at objectRepository.removeWishListPage.getSelectJewellery(removeWishListPage.java:33)
at objectRepository.removeWishListPage.getSelectJewellery(removeWishListPage.java:33)
at objectRepository.removeWishListPage.getSelectJewellery(removeWishListPage.java:33)
at objectRepository.removeWishListPage.getSelectJewellery(removeWishListPage.java:33)
at objectRepository.removeWishListPage.getSelectJewellery(removeWishListPage.java:33)
at objectRepository.removeWishListPage.getSelectJewellery(removeWishListPage.java:33)
at objectRepository.removeWishListPage.getSelectJewellery(removeWishListPage.java:33)
at objectRepository.removeWishListPage.getSelectJewellery(removeWishListPage.java:33)
at objectRepository.removeWishListPage.getSelectJewellery(removeWishListPage.java:33)
at objectRepository.removeWishListPage.getSelectJewellery(removeWishListPage.java:33)
at objectRepository.removeWishListPage.getSelectJewellery(removeWishListPage.java:33)
at objectRepository.removeWishListPage.getSelectJewellery(removeWishListPage.java:33)
at objectRepository.removeWishListPage.getSelectJewellery(removeWishListPage.java:33)
at objectRepository.removeWishListPage.getSelectJewellery(removeWishListPage.java:33)
at objectRepository.removeWishListPage.getSelectJewellery(removeWishListPage.java:33)
at objectRepository.removeWishListPage.getSelectJewellery(removeWishListPage.java:33)
at objectRepository.removeWishListPage.getSelectJewellery(removeWishListPage.java:33)
at objectRepository.removeWishListPage.getSelectJewellery(removeWishListPage.java:33)
at objectRepository.removeWishListPage.getSelectJewellery(removeWishListPage.java:33)
at objectRepository.removeWishListPage.getSelectJewellery(removeWishListPage.java:33)
at objectRepository.removeWishListPage.getSelectJewellery(removeWishListPage.java:33)
at objectRepository.removeWishListPage.getSelectJewellery(removeWishListPage.java:33)
at objectRepository.removeWishListPage.getSelectJewellery(removeWishListPage.java:33)
at objectRepository.removeWishListPage.getSelectJewellery(removeWishListPage.java:33)
at objectRepository.removeWishListPage.getSelectJewellery(removeWishListPage.java:33)
at objectRepository.removeWishListPage.getSelectJewellery(removeWishListPage.java:33)
at objectRepository.removeWishListPage.getSelectJewellery(removeWishListPage.java:33)
at objectRepository.removeWishListPage.getSelectJewellery(removeWishListPage.java:33)
at objectRepository.removeWishListPage.getSelectJewellery(removeWishListPage.java:33)
at objectRepository.removeWishListPage.getSelectJewellery(removeWishListPage.java:33)
at objectRepository.removeWishListPage.getSelectJewellery(removeWishListPage.java:33)
at objectRepository.removeWishListPage.getSelectJewellery(removeWishListPage.java:33)
at objectRepository.removeWishListPage.getSelectJewellery(removeWishListPage.java:33)
at objectRepository.removeWishListPage.getSelectJewellery(removeWishListPage.java:33)
at objectRepository.removeWishListPage.getSelectJewellery(removeWishListPage.java:33)
at objectRepository.removeWishListPage.getSelectJewellery(removeWishListPage.java:33)
at objectRepository.removeWishListPage.getSelectJewellery(removeWishListPage.java:33)
at objectRepository.removeWishListPage.getSelectJewellery(removeWishListPage.java:33)
at objectRepository.removeWishListPage.getSelectJewellery(removeWishListPage.java:33)
at objectRepository.removeWishListPage.getSelectJewellery(removeWishListPage.java:33)
at objectRepository.removeWishListPage.getSelectJewellery(removeWishListPage.java:33)
at objectRepository.removeWishListPage.getSelectJewellery(removeWishListPage.java:33)
at objectRepository.removeWishListPage.getSelectJewellery(removeWishListPage.java:33)
at objectRepository.removeWishListPage.getSelectJewellery(removeWishListPage.java:33)
at objectRepository.removeWishListPage.getSelectJewellery(removeWishListPage.java:33)
at objectRepository.removeWishListPage.getSelectJewellery(removeWishListPage.java:33)
at objectRepository.removeWishListPage.getSelectJewellery(removeWishListPage.java:33)
at objectRepository.removeWishListPage.getSelectJewellery(removeWishListPage.java:33)
at objectRepository.removeWishListPage.getSelectJewellery(removeWishListPage.java:33)
at objectRepository.removeWishListPage.getSelectJewellery(removeWishListPage.java:33)
at objectRepository.removeWishListPage.getSelectJewellery(removeWishListPage.java:33)
at objectRepository.removeWishListPage.getSelectJewellery(removeWishListPage.java:33)
at objectRepository.removeWishListPage.getSelectJewellery(removeWishListPage.java:33)
at objectRepository.removeWishListPage.getSelectJewellery(removeWishListPage.java:33)
at objectRepository.removeWishListPage.getSelectJewellery(removeWishListPage.java:33)
at objectRepository.removeWishListPage.getSelectJewellery(removeWishListPage.java:33)
at objectRepository.removeWishListPage.getSelectJewellery(removeWishListPage.java:33)
at objectRepository.removeWishListPage.getSelectJewellery(removeWishListPage.java:33)
at objectRepository.removeWishListPage.getSelectJewellery(removeWishListPage.java:33)
at objectRepository.removeWishListPage.getSelectJewellery(removeWishListPage.java:33)
at objectRepository.removeWishListPage.getSelectJewellery(removeWishListPage.java:33)
at objectRepository.removeWishListPage.getSelectJewellery(removeWishListPage.java:33)
at objectRepository.removeWishListPage.getSelectJewellery(removeWishListPage.java:33)
at objectRepository.removeWishListPage.getSelectJewellery(removeWishListPage.java:33)
at objectRepository.removeWishListPage.getSelectJewellery(removeWishListPage.java:33)
at objectRepository.removeWishListPage.getSelectJewellery(removeWishListPage.java:33)
at objectRepository.removeWishListPage.getSelectJewellery(removeWishListPage.java:33)
at objectRepository.removeWishListPage.getSelectJewellery(removeWishListPage.java:33)
at objectRepository.removeWishListPage.getSelectJewellery(removeWishListPage.java:33)
at objectRepository.removeWishListPage.getSelectJewellery(removeWishListPage.java:33)
at objectRepository.removeWishListPage.getSelectJewellery(removeWishListPage.java:33)
at objectRepository.removeWishListPage.getSelectJewellery(removeWishListPage.java:33)
at objectRepository.removeWishListPage.getSelectJewellery(removeWishListPage.java:33)
at objectRepository.removeWishListPage.getSelectJewellery(removeWishListPage.java:33)
at objectRepository.removeWishListPage.getSelectJewellery(removeWishListPage.java:33)
at objectRepository.removeWishListPage.getSelectJewellery(removeWishListPage.java:33)
at objectRepository.removeWishListPage.getSelectJewellery(removeWishListPage.java:33)
at objectRepository.removeWishListPage.getSelectJewellery(removeWishListPage.java:33)
at objectRepository.removeWishListPage.getSelectJewellery(removeWishListPage.java:33)
at objectRepository.removeWishListPage.getSelectJewellery(removeWishListPage.java:33)
at objectRepository.removeWishListPage.getSelectJewellery(removeWishListPage.java:33)
at objectRepository.removeWishListPage.getSelectJewellery(removeWishListPage.java:33)
at objectRepository.removeWishListPage.getSelectJewellery(removeWishListPage.java:33)
at objectRepository.removeWishListPage.getSelectJewellery(removeWishListPage.java:33)
at objectRepository.removeWishListPage.getSelectJewellery(removeWishListPage.java:33)
at objectRepository.removeWishListPage.getSelectJewellery(removeWishListPage.java:33)
at objectRepository.removeWishListPage.getSelectJewellery(removeWishListPage.java:33)
at objectRepository.removeWishListPage.getSelectJewellery(removeWishListPage.java:33)
at objectRepository.removeWishListPage.getSelectJewellery(removeWishListPage.java:33)
at objectRepository.removeWishListPage.getSelectJewellery(removeWishListPage.java:33)
at objectRepository.removeWishListPage.getSelectJewellery(removeWishListPage.java:33)
at objectRepository.removeWishListPage.getSelectJewellery(removeWishListPage.java:33)
at objectRepository.removeWishListPage.getSelectJewellery(removeWishListPage.java:33)
at objectRepository.removeWishListPage.getSelectJewellery(removeWishListPage.java:33)
at objectRepository.removeWishListPage.getSelectJewellery(removeWishListPage.java:33)
at objectRepository.removeWishListPage.getSelectJewellery(removeWishListPage.java:33)
at objectRepository.removeWishListPage.getSelectJewellery(removeWishListPage.java:33)
at objectRepository.removeWishListPage.getSelectJewellery(removeWishListPage.java:33)
at objectRepository.removeWishListPage.getSelectJewellery(removeWishListPage.java:33)
at objectRepository.removeWishListPage.getSelectJewellery(removeWishListPage.java:33)
at objectRepository.removeWishListPage.getSelectJewellery(removeWishListPage.java:33)
at objectRepository.removeWishListPage.getSelectJewellery(removeWishListPage.java:33)
at objectRepository.removeWishListPage.getSelectJewellery(removeWishListPage.java:33)
at objectRepository.removeWishListPage.getSelectJewellery(removeWishListPage.java:33)
at objectRepository.removeWishListPage.getSelectJewellery(removeWishListPage.java:33)
at objectRepository.removeWishListPage.getSelectJewellery(removeWishListPage.java:33)
at objectRepository.removeWishListPage.getSelectJewellery(removeWishListPage.java:33)
at objectRepository.removeWishListPage.getSelectJewellery(removeWishListPage.java:33)
at objectRepository.removeWishListPage.getSelectJewellery(removeWishListPage.java:33)
at objectRepository.removeWishListPage.getSelectJewellery(removeWishListPage.java:33)
at objectRepository.removeWishListPage.getSelectJewellery(removeWishListPage.java:33)
at objectRepository.removeWishListPage.getSelectJewellery(removeWishListPage.java:33)
at objectRepository.removeWishListPage.getSelectJewellery(removeWishListPage.java:33)
at objectRepository.removeWishListPage.getSelectJewellery(removeWishListPage.java:33)
at objectRepository.removeWishListPage.getSelectJewellery(removeWishListPage.java:33)
at objectRepository.removeWishListPage.getSelectJewellery(removeWishListPage.java:33)
at objectRepository.removeWishListPage.getSelectJewellery(removeWishListPage.java:33)
at objectRepository.removeWishListPage.getSelectJewellery(removeWishListPage.java:33)
at objectRepository.removeWishListPage.getSelectJewellery(removeWishListPage.java:33)
at objectRepository.removeWishListPage.getSelectJewellery(removeWishListPage.java:33)
at objectRepository.removeWishListPage.getSelectJewellery(removeWishListPage.java:33)
at objectRepository.removeWishListPage.getSelectJewellery(removeWishListPage.java:33)
at objectRepository.removeWishListPage.getSelectJewellery(removeWishListPage.java:33)
at objectRepository.removeWishListPage.getSelectJewellery(removeWishListPage.java:33)
at objectRepository.removeWishListPage.getSelectJewellery(removeWishListPage.java:33)
at objectRepository.removeWishListPage.getSelectJewellery(removeWishListPage.java:33)
at objectRepository.removeWishListPage.getSelectJewellery(removeWishListPage.java:33)
at objectRepository.removeWishListPage.getSelectJewellery(removeWishListPage.java:33)
at objectRepository.removeWishListPage.getSelectJewellery(removeWishListPage.java:33)
at objectRepository.removeWishListPage.getSelectJewellery(removeWishListPage.java:33)
at objectRepository.removeWishListPage.getSelectJewellery(removeWishListPage.java:33)
at objectRepository.removeWishListPage.getSelectJewellery(removeWishListPage.java:33)
at objectRepository.removeWishListPage.getSelectJewellery(removeWishListPage.java:33)
at objectRepository.removeWishListPage.getSelectJewellery(removeWishListPage.java:33)
at objectRepository.removeWishListPage.getSelectJewellery(removeWishListPage.java:33)
at objectRepository.removeWishListPage.getSelectJewellery(removeWishListPage.java:33)
at objectRepository.removeWishListPage.getSelectJewellery(removeWishListPage.java:33)
at objectRepository.removeWishListPage.getSelectJewellery(removeWishListPage.java:33)
at objectRepository.removeWishListPage.getSelectJewellery(removeWishListPage.java:33)
at objectRepository.removeWishListPage.getSelectJewellery(removeWishListPage.java:33)
at objectRepository.removeWishListPage.getSelectJewellery(removeWishListPage.java:33)
at objectRepository.removeWishListPage.getSelectJewellery(removeWishListPage.java:33)
at objectRepository.removeWishListPage.getSelectJewellery(removeWishListPage.java:33)
at objectRepository.removeWishListPage.getSelectJewellery(removeWishListPage.java:33)
at objectRepository.removeWishListPage.getSelectJewellery(removeWishListPage.java:33)
at objectRepository.removeWishListPage.getSelectJewellery(removeWishListPage.java:33)
at objectRepository.removeWishListPage.getSelectJewellery(removeWishListPage.java:33)
at objectRepository.removeWishListPage.getSelectJewellery(removeWishListPage.java:33)
at objectRepository.removeWishListPage.getSelectJewellery(removeWishListPage.java:33)
at objectRepository.removeWishListPage.getSelectJewellery(removeWishListPage.java:33)
at objectRepository.removeWishListPage.getSelectJewellery(removeWishListPage.java:33)
at objectRepository.removeWishListPage.getSelectJewellery(removeWishListPage.java:33)
at objectRepository.removeWishListPage.getSelectJewellery(removeWishListPage.java:33)
at objectRepository.removeWishListPage.getSelectJewellery(removeWishListPage.java:33)
at objectRepository.removeWishListPage.getSelectJewellery(removeWishListPage.java:33)
at objectRepository.removeWishListPage.getSelectJewellery(removeWishListPage.java:33)
at objectRepository.removeWishListPage.getSelectJewellery(removeWishListPage.java:33)
at objectRepository.removeWishListPage.getSelectJewellery(removeWishListPage.java:33)
at objectRepository.removeWishListPage.getSelectJewellery(removeWishListPage.java:33)
at objectRepository.removeWishListPage.getSelectJewellery(removeWishListPage.java:33)
at objectRepository.removeWishListPage.getSelectJewellery(removeWishListPage.java:33)
at objectRepository.removeWishListPage.getSelectJewellery(removeWishListPage.java:33)
at objectRepository.removeWishListPage.getSelectJewellery(removeWishListPage.java:33)
at objectRepository.removeWishListPage.getSelectJewellery(removeWishListPage.java:33)
at objectRepository.removeWishListPage.getSelectJewellery(removeWishListPage.java:33)
at objectRepository.removeWishListPage.getSelectJewellery(removeWishListPage.java:33)
at objectRepository.removeWishListPage.getSelectJewellery(removeWishListPage.java:33)
at objectRepository.removeWishListPage.getSelectJewellery(removeWishListPage.java:33)
at objectRepository.removeWishListPage.getSelectJewellery(removeWishListPage.java:33)
at objectRepository.removeWishListPage.getSelectJewellery(removeWishListPage.java:33)
at objectRepository.removeWishListPage.getSelectJewellery(removeWishListPage.java:33)
at objectRepository.removeWishListPage.getSelectJewellery(removeWishListPage.java:33)
at objectRepository.removeWishListPage.getSelectJewellery(removeWishListPage.java:33)
at objectRepository.removeWishListPage.getSelectJewellery(removeWishListPage.java:33)
at objectRepository.removeWishListPage.getSelectJewellery(removeWishListPage.java:33)
at objectRepository.removeWishListPage.getSelectJewellery(removeWishListPage.java:33)
at objectRepository.removeWishListPage.getSelectJewellery(removeWishListPage.java:33)
at objectRepository.removeWishListPage.getSelectJewellery(removeWishListPage.java:33)
at objectRepository.removeWishListPage.getSelectJewellery(removeWishListPage.java:33)
at objectRepository.removeWishListPage.getSelectJewellery(removeWishListPage.java:33)
at objectRepository.removeWishListPage.getSelectJewellery(removeWishListPage.java:33)
at objectRepository.removeWishListPage.getSelectJewellery(removeWishListPage.java:33)
at objectRepository.removeWishListPage.getSelectJewellery(removeWishListPage.java:33)
at objectRepository.removeWishListPage.getSelectJewellery(removeWishListPage.java:33)
at objectRepository.removeWishListPage.getSelectJewellery(removeWishListPage.java:33)
at objectRepository.removeWishListPage.getSelectJewellery(removeWishListPage.java:33)
at objectRepository.removeWishListPage.getSelectJewellery(removeWishListPage.java:33)
at objectRepository.removeWishListPage.getSelectJewellery(removeWishListPage.java:33)
at objectRepository.removeWishListPage.getSelectJewellery(removeWishListPage.java:33)
at objectRepository.removeWishListPage.getSelectJewellery(removeWishListPage.java:33)
at objectRepository.removeWishListPage.getSelectJewellery(removeWishListPage.java:33)
at objectRepository.removeWishListPage.getSelectJewellery(removeWishListPage.java:33)
at objectRepository.removeWishListPage.getSelectJewellery(removeWishListPage.java:33)
at objectRepository.removeWishListPage.getSelectJewellery(removeWishListPage.java:33)
at objectRepository.removeWishListPage.getSelectJewellery(removeWishListPage.java:33)
at objectRepository.removeWishListPage.getSelectJewellery(removeWishListPage.java:33)
at objectRepository.removeWishListPage.getSelectJewellery(removeWishListPage.java:33)
at objectRepository.removeWishListPage.getSelectJewellery(removeWishListPage.java:33)
at objectRepository.removeWishListPage.getSelectJewellery(removeWishListPage.java:33)
at objectRepository.removeWishListPage.getSelectJewellery(removeWishListPage.java:33)
at objectRepository.removeWishListPage.getSelectJewellery(removeWishListPage.java:33)
at objectRepository.removeWishListPage.getSelectJewellery(removeWishListPage.java:33)
at objectRepository.removeWishListPage.getSelectJewellery(removeWishListPage.java:33)
at objectRepository.removeWishListPage.getSelectJewellery(removeWishListPage.java:33)
at objectRepository.removeWishListPage.getSelectJewellery(removeWishListPage.java:33)
at objectRepository.removeWishListPage.getSelectJewellery(removeWishListPage.java:33)
at objectRepository.removeWishListPage.getSelectJewellery(removeWishListPage.java:33)
at objectRepository.removeWishListPage.getSelectJewellery(removeWishListPage.java:33)
at objectRepository.removeWishListPage.getSelectJewellery(removeWishListPage.java:33)
at objectRepository.removeWishListPage.getSelectJewellery(removeWishListPage.java:33)
at objectRepository.removeWishListPage.getSelectJewellery(removeWishListPage.java:33)
at objectRepository.removeWishListPage.getSelectJewellery(removeWishListPage.java:33)
at objectRepository.removeWishListPage.getSelectJewellery(removeWishListPage.java:33)
at objectRepository.removeWishListPage.getSelectJewellery(removeWishListPage.java:33)
at objectRepository.removeWishListPage.getSelectJewellery(removeWishListPage.java:33)
at objectRepository.removeWishListPage.getSelectJewellery(removeWishListPage.java:33)
at objectRepository.removeWishListPage.getSelectJewellery(removeWishListPage.java:33)
at objectRepository.removeWishListPage.getSelectJewellery(removeWishListPage.java:33)
at objectRepository.removeWishListPage.getSelectJewellery(removeWishListPage.java:33)
at objectRepository.removeWishListPage.getSelectJewellery(removeWishListPage.java:33)
at objectRepository.removeWishListPage.getSelectJewellery(removeWishListPage.java:33)
at objectRepository.removeWishListPage.getSelectJewellery(removeWishListPage.java:33)
at objectRepository.removeWishListPage.getSelectJewellery(removeWishListPage.java:33)
at objectRepository.removeWishListPage.getSelectJewellery(removeWishListPage.java:33)
at objectRepository.removeWishListPage.getSelectJewellery(removeWishListPage.java:33)
at objectRepository.removeWishListPage.getSelectJewellery(removeWishListPage.java:33)
at objectRepository.removeWishListPage.getSelectJewellery(removeWishListPage.java:33)
at objectRepository.removeWishListPage.getSelectJewellery(removeWishListPage.java:33)
at objectRepository.removeWishListPage.getSelectJewellery(removeWishListPage.java:33)
at objectRepository.removeWishListPage.getSelectJewellery(removeWishListPage.java:33)
at objectRepository.removeWishListPage.getSelectJewellery(removeWishListPage.java:33)
at objectRepository.removeWishListPage.getSelectJewellery(removeWishListPage.java:33)
at objectRepository.removeWishListPage.getSelectJewellery(removeWishListPage.java:33)
at objectRepository.removeWishListPage.getSelectJewellery(removeWishListPage.java:33)
at objectRepository.removeWishListPage.getSelectJewellery(removeWishListPage.java:33)
at objectRepository.removeWishListPage.getSelectJewellery(removeWishListPage.java:33)
at objectRepository.removeWishListPage.getSelectJewellery(removeWishListPage.java:33)
at objectRepository.removeWishListPage.getSelectJewellery(removeWishListPage.java:33)
at objectRepository.removeWishListPage.getSelectJewellery(removeWishListPage.java:33)
at objectRepository.removeWishListPage.getSelectJewellery(removeWishListPage.java:33)
at objectRepository.removeWishListPage.getSelectJewellery(removeWishListPage.java:33)
at objectRepository.removeWishListPage.getSelectJewellery(removeWishListPage.java:33)
at objectRepository.removeWishListPage.getSelectJewellery(removeWishListPage.java:33)
at objectRepository.removeWishListPage.getSelectJewellery(removeWishListPage.java:33)
at objectRepository.removeWishListPage.getSelectJewellery(removeWishListPage.java:33)
at objectRepository.removeWishListPage.getSelectJewellery(removeWishListPage.java:33)
at objectRepository.removeWishListPage.getSelectJewellery(removeWishListPage.java:33)
at objectRepository.removeWishListPage.getSelectJewellery(removeWishListPage.java:33)
at objectRepository.removeWishListPage.getSelectJewellery(removeWishListPage.java:33)
at objectRepository.removeWishListPage.getSelectJewellery(removeWishListPage.java:33)
at objectRepository.removeWishListPage.getSelectJewellery(removeWishListPage.java:33)
at objectRepository.removeWishListPage.getSelectJewellery(removeWishListPage.java:33)
at objectRepository.removeWishListPage.getSelectJewellery(removeWishListPage.java:33)
at objectRepository.removeWishListPage.getSelectJewellery(removeWishListPage.java:33)
at objectRepository.removeWishListPage.getSelectJewellery(removeWishListPage.java:33)
at objectRepository.removeWishListPage.getSelectJewellery(removeWishListPage.java:33)
at objectRepository.removeWishListPage.getSelectJewellery(removeWishListPage.java:33)
at objectRepository.removeWishListPage.getSelectJewellery(removeWishListPage.java:33)
at objectRepository.removeWishListPage.getSelectJewellery(removeWishListPage.java:33)
at objectRepository.removeWishListPage.getSelectJewellery(removeWishListPage.java:33)
at objectRepository.removeWishListPage.getSelectJewellery(removeWishListPage.java:33)
at objectRepository.removeWishListPage.getSelectJewellery(removeWishListPage.java:33)
at objectRepository.removeWishListPage.getSelectJewellery(removeWishListPage.java:33)
at objectRepository.removeWishListPage.getSelectJewellery(removeWishListPage.java:33)
at objectRepository.removeWishListPage.getSelectJewellery(removeWishListPage.java:33)
at objectRepository.removeWishListPage.getSelectJewellery(removeWishListPage.java:33)
at objectRepository.removeWishListPage.getSelectJewellery(removeWishListPage.java:33)
at objectRepository.removeWishListPage.getSelectJewellery(removeWishListPage.java:33)
at objectRepository.removeWishListPage.getSelectJewellery(removeWishListPage.java:33)
at objectRepository.removeWishListPage.getSelectJewellery(removeWishListPage.java:33)
at objectRepository.removeWishListPage.getSelectJewellery(removeWishListPage.java:33)
at objectRepository.removeWishListPage.getSelectJewellery(removeWishListPage.java:33)
at objectRepository.removeWishListPage.getSelectJewellery(removeWishListPage.java:33)
at objectRepository.removeWishListPage.getSelectJewellery(removeWishListPage.java:33)
at objectRepository.removeWishListPage.getSelectJewellery(removeWishListPage.java:33)
at objectRepository.removeWishListPage.getSelectJewellery(removeWishListPage.java:33)
at objectRepository.removeWishListPage.getSelectJewellery(removeWishListPage.java:33)
at objectRepository.removeWishListPage.getSelectJewellery(removeWishListPage.java:33)
at objectRepository.removeWishListPage.getSelectJewellery(removeWishListPage.java:33)
at objectRepository.removeWishListPage.getSelectJewellery(removeWishListPage.java:33)
at objectRepository.removeWishListPage.getSelectJewellery(removeWishListPage.java:33)
at objectRepository.removeWishListPage.getSelectJewellery(removeWishListPage.java:33)
at objectRepository.removeWishListPage.getSelectJewellery(removeWishListPage.java:33)
at objectRepository.removeWishListPage.getSelectJewellery(removeWishListPage.java:33)
at objectRepository.removeWishListPage.getSelectJewellery(removeWishListPage.java:33)
at objectRepository.removeWishListPage.getSelectJewellery(removeWishListPage.java:33)
at objectRepository.removeWishListPage.getSelectJewellery(removeWishListPage.java:33)
at objectRepository.removeWishListPage.getSelectJewellery(removeWishListPage.java:33)
at objectRepository.removeWishListPage.getSelectJewellery(removeWishListPage.java:33)
at objectRepository.removeWishListPage.getSelectJewellery(removeWishListPage.java:33)
at objectRepository.removeWishListPage.getSelectJewellery(removeWishListPage.java:33)
at objectRepository.removeWishListPage.getSelectJewellery(removeWishListPage.java:33)
at objectRepository.removeWishListPage.getSelectJewellery(removeWishListPage.java:33)
at objectRepository.removeWishListPage.getSelectJewellery(removeWishListPage.java:33)
at objectRepository.removeWishListPage.getSelectJewellery(removeWishListPage.java:33)
at objectRepository.removeWishListPage.getSelectJewellery(removeWishListPage.java:33)
at objectRepository.removeWishListPage.getSelectJewellery(removeWishListPage.java:33)
at objectRepository.removeWishListPage.getSelectJewellery(removeWishListPage.java:33)
at objectRepository.removeWishListPage.getSelectJewellery(removeWishListPage.java:33)
at objectRepository.removeWishListPage.getSelectJewellery(removeWishListPage.java:33)
at objectRepository.removeWishListPage.getSelectJewellery(removeWishListPage.java:33)
at objectRepository.removeWishListPage.getSelectJewellery(removeWishListPage.java:33)
at objectRepository.removeWishListPage.getSelectJewellery(removeWishListPage.java:33)
at objectRepository.removeWishListPage.getSelectJewellery(removeWishListPage.java:33)
at objectRepository.removeWishListPage.getSelectJewellery(removeWishListPage.java:33)
at objectRepository.removeWishListPage.getSelectJewellery(removeWishListPage.java:33)
at objectRepository.removeWishListPage.getSelectJewellery(removeWishListPage.java:33)
at objectRepository.removeWishListPage.getSelectJewellery(removeWishListPage.java:33)
at objectRepository.removeWishListPage.getSelectJewellery(removeWishListPage.java:33)
at objectRepository.removeWishListPage.getSelectJewellery(removeWishListPage.java:33)
at objectRepository.removeWishListPage.getSelectJewellery(removeWishListPage.java:33)
at objectRepository.removeWishListPage.getSelectJewellery(removeWishListPage.java:33)
at objectRepository.removeWishListPage.getSelectJewellery(removeWishListPage.java:33)
at objectRepository.removeWishListPage.getSelectJewellery(removeWishListPage.java:33)
at objectRepository.removeWishListPage.getSelectJewellery(removeWishListPage.java:33)
at objectRepository.removeWishListPage.getSelectJewellery(removeWishListPage.java:33)
at objectRepository.removeWishListPage.getSelectJewellery(removeWishListPage.java:33)
at objectRepository.removeWishListPage.getSelectJewellery(removeWishListPage.java:33)
at objectRepository.removeWishListPage.getSelectJewellery(removeWishListPage.java:33)
at objectRepository.removeWishListPage.getSelectJewellery(removeWishListPage.java:33)
at objectRepository.removeWishListPage.getSelectJewellery(removeWishListPage.java:33)
at objectRepository.removeWishListPage.getSelectJewellery(removeWishListPage.java:33)
at objectRepository.removeWishListPage.getSelectJewellery(removeWishListPage.java:33)
at objectRepository.removeWishListPage.getSelectJewellery(removeWishListPage.java:33)
at objectRepository.removeWishListPage.getSelectJewellery(removeWishListPage.java:33)
at objectRepository.removeWishListPage.getSelectJewellery(removeWishListPage.java:33)
at objectRepository.removeWishListPage.getSelectJewellery(removeWishListPage.java:33)
at objectRepository.removeWishListPage.getSelectJewellery(removeWishListPage.java:33)
at objectRepository.removeWishListPage.getSelectJewellery(removeWishListPage.java:33)
at objectRepository.removeWishListPage.getSelectJewellery(removeWishListPage.java:33)
at objectRepository.removeWishListPage.getSelectJewellery(removeWishListPage.java:33)
at objectRepository.removeWishListPage.getSelectJewellery(removeWishListPage.java:33)
at objectRepository.removeWishListPage.getSelectJewellery(removeWishListPage.java:33)
at objectRepository.removeWishListPage.getSelectJewellery(removeWishListPage.java:33)
at objectRepository.removeWishListPage.getSelectJewellery(removeWishListPage.java:33)
at objectRepository.removeWishListPage.getSelectJewellery(removeWishListPage.java:33)
at objectRepository.removeWishListPage.getSelectJewellery(removeWishListPage.java:33)
at objectRepository.removeWishListPage.getSelectJewellery(removeWishListPage.java:33)
at objectRepository.removeWishListPage.getSelectJewellery(removeWishListPage.java:33)
at objectRepository.removeWishListPage.getSelectJewellery(removeWishListPage.java:33)
at objectRepository.removeWishListPage.getSelectJewellery(removeWishListPage.java:33)
at objectRepository.removeWishListPage.getSelectJewellery(removeWishListPage.java:33)
at objectRepository.removeWishListPage.getSelectJewellery(removeWishListPage.java:33)
at objectRepository.removeWishListPage.getSelectJewellery(removeWishListPage.java:33)
at objectRepository.removeWishListPage.getSelectJewellery(removeWishListPage.java:33)
at objectRepository.removeWishListPage.getSelectJewellery(removeWishListPage.java:33)
at objectRepository.removeWishListPage.getSelectJewellery(removeWishListPage.java:33)
at objectRepository.removeWishListPage.getSelectJewellery(removeWishListPage.java:33)
at objectRepository.removeWishListPage.getSelectJewellery(removeWishListPage.java:33)
at objectRepository.removeWishListPage.getSelectJewellery(removeWishListPage.java:33)
at objectRepository.removeWishListPage.getSelectJewellery(removeWishListPage.java:33)
at objectRepository.removeWishListPage.getSelectJewellery(removeWishListPage.java:33)
at objectRepository.removeWishListPage.getSelectJewellery(removeWishListPage.java:33)
at objectRepository.removeWishListPage.getSelectJewellery(removeWishListPage.java:33)
at objectRepository.removeWishListPage.getSelectJewellery(removeWishListPage.java:33)
at objectRepository.removeWishListPage.getSelectJewellery(removeWishListPage.java:33)
at objectRepository.removeWishListPage.getSelectJewellery(removeWishListPage.java:33)
at objectRepository.removeWishListPage.getSelectJewellery(removeWishListPage.java:33)
at objectRepository.removeWishListPage.getSelectJewellery(removeWishListPage.java:33)
at objectRepository.removeWishListPage.getSelectJewellery(removeWishListPage.java:33)
at objectRepository.removeWishListPage.getSelectJewellery(removeWishListPage.java:33)
at objectRepository.removeWishListPage.getSelectJewellery(removeWishListPage.java:33)
at objectRepository.removeWishListPage.getSelectJewellery(removeWishListPage.java:33)
at objectRepository.removeWishListPage.getSelectJewellery(removeWishListPage.java:33)
at objectRepository.removeWishListPage.getSelectJewellery(removeWishListPage.java:33)
at objectRepository.removeWishListPage.getSelectJewellery(removeWishListPage.java:33)
at objectRepository.removeWishListPage.getSelectJewellery(removeWishListPage.java:33)
at objectRepository.removeWishListPage.getSelectJewellery(removeWishListPage.java:33)
at objectRepository.removeWishListPage.getSelectJewellery(removeWishListPage.java:33)
at objectRepository.removeWishListPage.getSelectJewellery(removeWishListPage.java:33)
at objectRepository.removeWishListPage.getSelectJewellery(removeWishListPage.java:33)
at objectRepository.removeWishListPage.getSelectJewellery(removeWishListPage.java:33)
at objectRepository.removeWishListPage.getSelectJewellery(removeWishListPage.java:33)
at objectRepository.removeWishListPage.getSelectJewellery(removeWishListPage.java:33)
at objectRepository.removeWishListPage.getSelectJewellery(removeWishListPage.java:33)
at objectRepository.removeWishListPage.getSelectJewellery(removeWishListPage.java:33)
at objectRepository.removeWishListPage.getSelectJewellery(removeWishListPage.java:33)
at objectRepository.removeWishListPage.getSelectJewellery(removeWishListPage.java:33)
at objectRepository.removeWishListPage.getSelectJewellery(removeWishListPage.java:33)
at objectRepository.removeWishListPage.getSelectJewellery(removeWishListPage.java:33)
at objectRepository.removeWishListPage.getSelectJewellery(removeWishListPage.java:33)
at objectRepository.removeWishListPage.getSelectJewellery(removeWishListPage.java:33)
at objectRepository.removeWishListPage.getSelectJewellery(removeWishListPage.java:33)
at objectRepository.removeWishListPage.getSelectJewellery(removeWishListPage.java:33)
at objectRepository.removeWishListPage.getSelectJewellery(removeWishListPage.java:33)
at objectRepository.removeWishListPage.getSelectJewellery(removeWishListPage.java:33)
at objectRepository.removeWishListPage.getSelectJewellery(removeWishListPage.java:33)
at objectRepository.removeWishListPage.getSelectJewellery(removeWishListPage.java:33)
at objectRepository.removeWishListPage.getSelectJewellery(removeWishListPage.java:33)
at objectRepository.removeWishListPage.getSelectJewellery(removeWishListPage.java:33)
at objectRepository.removeWishListPage.getSelectJewellery(removeWishListPage.java:33)
at objectRepository.removeWishListPage.getSelectJewellery(removeWishListPage.java:33)
at objectRepository.removeWishListPage.getSelectJewellery(removeWishListPage.java:33)
at objectRepository.removeWishListPage.getSelectJewellery(removeWishListPage.java:33)
at objectRepository.removeWishListPage.getSelectJewellery(removeWishListPage.java:33)
at objectRepository.removeWishListPage.getSelectJewellery(removeWishListPage.java:33)
at objectRepository.removeWishListPage.getSelectJewellery(removeWishListPage.java:33)
at objectRepository.removeWishListPage.getSelectJewellery(removeWishListPage.java:33)
at objectRepository.removeWishListPage.getSelectJewellery(removeWishListPage.java:33)
at objectRepository.removeWishListPage.getSelectJewellery(removeWishListPage.java:33)
at objectRepository.removeWishListPage.getSelectJewellery(removeWishListPage.java:33)
at objectRepository.removeWishListPage.getSelectJewellery(removeWishListPage.java:33)
at objectRepository.removeWishListPage.getSelectJewellery(removeWishListPage.java:33)
at objectRepository.removeWishListPage.getSelectJewellery(removeWishListPage.java:33)
at objectRepository.removeWishListPage.getSelectJewellery(removeWishListPage.java:33)
at objectRepository.removeWishListPage.getSelectJewellery(removeWishListPage.java:33)
at objectRepository.removeWishListPage.getSelectJewellery(removeWishListPage.java:33)
at objectRepository.removeWishListPage.getSelectJewellery(removeWishListPage.java:33)
at objectRepository.removeWishListPage.getSelectJewellery(removeWishListPage.java:33)
at objectRepository.removeWishListPage.getSelectJewellery(removeWishListPage.java:33)
at objectRepository.removeWishListPage.getSelectJewellery(removeWishListPage.java:33)
at objectRepository.removeWishListPage.getSelectJewellery(removeWishListPage.java:33)
at objectRepository.removeWishListPage.getSelectJewellery(removeWishListPage.java:33)
at objectRepository.removeWishListPage.getSelectJewellery(removeWishListPage.java:33)
at objectRepository.removeWishListPage.getSelectJewellery(removeWishListPage.java:33)
at objectRepository.removeWishListPage.getSelectJewellery(removeWishListPage.java:33)
at objectRepository.removeWishListPage.getSelectJewellery(removeWishListPage.java:33)
at objectRepository.removeWishListPage.getSelectJewellery(removeWishListPage.java:33)
at objectRepository.removeWishListPage.getSelectJewellery(removeWishListPage.java:33)
at objectRepository.removeWishListPage.getSelectJewellery(removeWishListPage.java:33)
at objectRepository.removeWishListPage.getSelectJewellery(removeWishListPage.java:33)
at objectRepository.removeWishListPage.getSelectJewellery(removeWishListPage.java:33)
at objectRepository.removeWishListPage.getSelectJewellery(removeWishListPage.java:33)
at objectRepository.removeWishListPage.getSelectJewellery(removeWishListPage.java:33)
at objectRepository.removeWishListPage.getSelectJewellery(removeWishListPage.java:33)
at objectRepository.removeWishListPage.getSelectJewellery(removeWishListPage.java:33)
at objectRepository.removeWishListPage.getSelectJewellery(removeWishListPage.java:33)
at objectRepository.removeWishListPage.getSelectJewellery(removeWishListPage.java:33)
at objectRepository.removeWishListPage.getSelectJewellery(removeWishListPage.java:33)
at objectRepository.removeWishListPage.getSelectJewellery(removeWishListPage.java:33)
at objectRepository.removeWishListPage.getSelectJewellery(removeWishListPage.java:33)
at objectRepository.removeWishListPage.getSelectJewellery(removeWishListPage.java:33)
at objectRepository.removeWishListPage.getSelectJewellery(removeWishListPage.java:33)
at objectRepository.removeWishListPage.getSelectJewellery(removeWishListPage.java:33)
at objectRepository.removeWishListPage.getSelectJewellery(removeWishListPage.java:33)
at objectRepository.removeWishListPage.getSelectJewellery(removeWishListPage.java:33)
at objectRepository.removeWishListPage.getSelectJewellery(removeWishListPage.java:33)
at objectRepository.removeWishListPage.getSelectJewellery(removeWishListPage.java:33)
at objectRepository.removeWishListPage.getSelectJewellery(removeWishListPage.java:33)
at objectRepository.removeWishListPage.getSelectJewellery(removeWishListPage.java:33)
at objectRepository.removeWishListPage.getSelectJewellery(removeWishListPage.java:33)
at objectRepository.removeWishListPage.getSelectJewellery(removeWishListPage.java:33)
at objectRepository.removeWishListPage.getSelectJewellery(removeWishListPage.java:33)
at objectRepository.removeWishListPage.getSelectJewellery(removeWishListPage.java:33)
at objectRepository.removeWishListPage.getSelectJewellery(removeWishListPage.java:33)
at objectRepository.removeWishListPage.getSelectJewellery(removeWishListPage.java:33)
at objectRepository.removeWishListPage.getSelectJewellery(removeWishListPage.java:33)
at objectRepository.removeWishListPage.getSelectJewellery(removeWishListPage.java:33)
at objectRepository.removeWishListPage.getSelectJewellery(removeWishListPage.java:33)
at objectRepository.removeWishListPage.getSelectJewellery(removeWishListPage.java:33)
at objectRepository.removeWishListPage.getSelectJewellery(removeWishListPage.java:33)
at objectRepository.removeWishListPage.getSelectJewellery(removeWishListPage.java:33)
at objectRepository.removeWishListPage.getSelectJewellery(removeWishListPage.java:33)
at objectRepository.removeWishListPage.getSelectJewellery(removeWishListPage.java:33)
at objectRepository.removeWishListPage.getSelectJewellery(removeWishListPage.java:33)
at objectRepository.removeWishListPage.getSelectJewellery(removeWishListPage.java:33)
at objectRepository.removeWishListPage.getSelectJewellery(removeWishListPage.java:33)
at objectRepository.removeWishListPage.getSelectJewellery(removeWishListPage.java:33)
at objectRepository.removeWishListPage.getSelectJewellery(removeWishListPage.java:33)
at objectRepository.removeWishListPage.getSelectJewellery(removeWishListPage.java:33)
at objectRepository.removeWishListPage.getSelectJewellery(removeWishListPage.java:33)
at objectRepository.removeWishListPage.getSelectJewellery(removeWishListPage.java:33)
at objectRepository.removeWishListPage.getSelectJewellery(removeWishListPage.java:33)
at objectRepository.removeWishListPage.getSelectJewellery(removeWishListPage.java:33)
at objectRepository.removeWishListPage.getSelectJewellery(removeWishListPage.java:33)
at objectRepository.removeWishListPage.getSelectJewellery(removeWishListPage.java:33)
at objectRepository.removeWishListPage.getSelectJewellery(removeWishListPage.java:33)
at objectRepository.removeWishListPage.getSelectJewellery(removeWishListPage.java:33)
at objectRepository.removeWishListPage.getSelectJewellery(removeWishListPage.java:33)
at objectRepository.removeWishListPage.getSelectJewellery(removeWishListPage.java:33)
at objectRepository.removeWishListPage.getSelectJewellery(removeWishListPage.java:33)
at objectRepository.removeWishListPage.getSelectJewellery(removeWishListPage.java:33)
at objectRepository.removeWishListPage.getSelectJewellery(removeWishListPage.java:33)
at objectRepository.removeWishListPage.getSelectJewellery(removeWishListPage.java:33)
at objectRepository.removeWishListPage.getSelectJewellery(removeWishListPage.java:33)
at objectRepository.removeWishListPage.getSelectJewellery(removeWishListPage.java:33)
at objectRepository.removeWishListPage.getSelectJewellery(removeWishListPage.java:33)
at objectRepository.removeWishListPage.getSelectJewellery(removeWishListPage.java:33)
at objectRepository.removeWishListPage.getSelectJewellery(removeWishListPage.java:33)
at objectRepository.removeWishListPage.getSelectJewellery(removeWishListPage.java:33)
at objectRepository.removeWishListPage.getSelectJewellery(removeWishListPage.java:33)
at objectRepository.removeWishListPage.getSelectJewellery(removeWishListPage.java:33)
at objectRepository.removeWishListPage.getSelectJewellery(removeWishListPage.java:33)
at objectRepository.removeWishListPage.getSelectJewellery(removeWishListPage.java:33)
at objectRepository.removeWishListPage.getSelectJewellery(removeWishListPage.java:33)
at objectRepository.removeWishListPage.getSelectJewellery(removeWishListPage.java:33)
at objectRepository.removeWishListPage.getSelectJewellery(removeWishListPage.java:33)
at objectRepository.removeWishListPage.getSelectJewellery(removeWishListPage.java:33)
at objectRepository.removeWishListPage.getSelectJewellery(removeWishListPage.java:33)
at objectRepository.removeWishListPage.getSelectJewellery(removeWishListPage.java:33)
at objectRepository.removeWishListPage.getSelectJewellery(removeWishListPage.java:33)
at objectRepository.removeWishListPage.getSelectJewellery(removeWishListPage.java:33)
at objectRepository.removeWishListPage.getSelectJewellery(removeWishListPage.java:33)
at objectRepository.removeWishListPage.getSelectJewellery(removeWishListPage.java:33)
at objectRepository.removeWishListPage.getSelectJewellery(removeWishListPage.java:33)
at objectRepository.removeWishListPage.getSelectJewellery(removeWishListPage.java:33)
at objectRepository.removeWishListPage.getSelectJewellery(removeWishListPage.java:33)
at objectRepository.removeWishListPage.getSelectJewellery(removeWishListPage.java:33)
at objectRepository.removeWishListPage.getSelectJewellery(removeWishListPage.java:33)
at objectRepository.removeWishListPage.getSelectJewellery(removeWishListPage.java:33)
at objectRepository.removeWishListPage.getSelectJewellery(removeWishListPage.java:33)
at objectRepository.removeWishListPage.getSelectJewellery(removeWishListPage.java:33)
at objectRepository.removeWishListPage.getSelectJewellery(removeWishListPage.java:33)
at objectRepository.removeWishListPage.getSelectJewellery(removeWishListPage.java:33)
at objectRepository.removeWishListPage.getSelectJewellery(removeWishListPage.java:33)
at objectRepository.removeWishListPage.getSelectJewellery(removeWishListPage.java:33)
at objectRepository.removeWishListPage.getSelectJewellery(removeWishListPage.java:33)
at objectRepository.removeWishListPage.getSelectJewellery(removeWishListPage.java:33)
at objectRepository.removeWishListPage.getSelectJewellery(removeWishListPage.java:33)
at objectRepository.removeWishListPage.getSelectJewellery(removeWishListPage.java:33)
at objectRepository.removeWishListPage.getSelectJewellery(removeWishListPage.java:33)
at objectRepository.removeWishListPage.getSelectJewellery(removeWishListPage.java:33)
at objectRepository.removeWishListPage.getSelectJewellery(removeWishListPage.java:33)
at objectRepository.removeWishListPage.getSelectJewellery(removeWishListPage.java:33)
at objectRepository.removeWishListPage.getSelectJewellery(removeWishListPage.java:33)
at objectRepository.removeWishListPage.getSelectJewellery(removeWishListPage.java:33)
at objectRepository.removeWishListPage.getSelectJewellery(removeWishListPage.java:33)
at objectRepository.removeWishListPage.getSelectJewellery(removeWishListPage.java:33)
at objectRepository.removeWishListPage.getSelectJewellery(removeWishListPage.java:33)
at objectRepository.removeWishListPage.getSelectJewellery(removeWishListPage.java:33)
at objectRepository.removeWishListPage.getSelectJewellery(removeWishListPage.java:33)
at objectRepository.removeWishListPage.getSelectJewellery(removeWishListPage.java:33)
at objectRepository.removeWishListPage.getSelectJewellery(removeWishListPage.java:33)
at objectRepository.removeWishListPage.getSelectJewellery(removeWishListPage.java:33)
at objectRepository.removeWishListPage.getSelectJewellery(removeWishListPage.java:33)
at objectRepository.removeWishListPage.getSelectJewellery(removeWishListPage.java:33)
at objectRepository.removeWishListPage.getSelectJewellery(removeWishListPage.java:33)
at objectRepository.removeWishListPage.getSelectJewellery(removeWishListPage.java:33)
at objectRepository.removeWishListPage.getSelectJewellery(removeWishListPage.java:33)
at objectRepository.removeWishListPage.getSelectJewellery(removeWishListPage.java:33)
at objectRepository.removeWishListPage.getSelectJewellery(removeWishListPage.java:33)
at objectRepository.removeWishListPage.getSelectJewellery(removeWishListPage.java:33)
at objectRepository.removeWishListPage.getSelectJewellery(removeWishListPage.java:33)
at objectRepository.removeWishListPage.getSelectJewellery(removeWishListPage.java:33)
at objectRepository.removeWishListPage.getSelectJewellery(removeWishListPage.java:33)
at objectRepository.removeWishListPage.getSelectJewellery(removeWishListPage.java:33)
at objectRepository.removeWishListPage.getSelectJewellery(removeWishListPage.java:33)
at objectRepository.removeWishListPage.getSelectJewellery(removeWishListPage.java:33)
at objectRepository.removeWishListPage.getSelectJewellery(removeWishListPage.java:33)
at objectRepository.removeWishListPage.getSelectJewellery(removeWishListPage.java:33)
at objectRepository.removeWishListPage.getSelectJewellery(removeWishListPage.java:33)
at objectRepository.removeWishListPage.getSelectJewellery(removeWishListPage.java:33)
at objectRepository.removeWishListPage.getSelectJewellery(removeWishListPage.java:33)
at objectRepository.removeWishListPage.getSelectJewellery(removeWishListPage.java:33)
at objectRepository.removeWishListPage.getSelectJewellery(removeWishListPage.java:33)
at objectRepository.removeWishListPage.getSelectJewellery(removeWishListPage.java:33)
at objectRepository.removeWishListPage.getSelectJewellery(removeWishListPage.java:33)
at objectRepository.removeWishListPage.getSelectJewellery(removeWishListPage.java:33)
at objectRepository.removeWishListPage.getSelectJewellery(removeWishListPage.java:33)
at objectRepository.removeWishListPage.getSelectJewellery(removeWishListPage.java:33)
at objectRepository.removeWishListPage.getSelectJewellery(removeWishListPage.java:33)
at objectRepository.removeWishListPage.getSelectJewellery(removeWishListPage.java:33)
at objectRepository.removeWishListPage.getSelectJewellery(removeWishListPage.java:33)
at objectRepository.removeWishListPage.getSelectJewellery(removeWishListPage.java:33)
at objectRepository.removeWishListPage.getSelectJewellery(removeWishListPage.java:33)
at objectRepository.removeWishListPage.getSelectJewellery(removeWishListPage.java:33)
at objectRepository.removeWishListPage.getSelectJewellery(removeWishListPage.java:33)
at objectRepository.removeWishListPage.getSelectJewellery(removeWishListPage.java:33)
at objectRepository.removeWishListPage.getSelectJewellery(removeWishListPage.java:33)
at objectRepository.removeWishListPage.getSelectJewellery(removeWishListPage.java:33)
at objectRepository.removeWishListPage.getSelectJewellery(removeWishListPage.java:33)
at objectRepository.removeWishListPage.getSelectJewellery(removeWishListPage.java:33)
at objectRepository.removeWishListPage.getSelectJewellery(removeWishListPage.java:33)
at objectRepository.removeWishListPage.getSelectJewellery(removeWishListPage.java:33)
at objectRepository.removeWishListPage.getSelectJewellery(removeWishListPage.java:33)
at objectRepository.removeWishListPage.getSelectJewellery(removeWishListPage.java:33)
at objectRepository.removeWishListPage.getSelectJewellery(removeWishListPage.java:33)
at objectRepository.removeWishListPage.getSelectJewellery(removeWishListPage.java:33)
at objectRepository.removeWishListPage.getSelectJewellery(removeWishListPage.java:33)
at objectRepository.removeWishListPage.getSelectJewellery(removeWishListPage.java:33)
at objectRepository.removeWishListPage.getSelectJewellery(removeWishListPage.java:33)
at objectRepository.removeWishListPage.getSelectJewellery(removeWishListPage.java:33)
at objectRepository.removeWishListPage.getSelectJewellery(removeWishListPage.java:33)
at objectRepository.removeWishListPage.getSelectJewellery(removeWishListPage.java:33)
at objectRepository.removeWishListPage.getSelectJewellery(removeWishListPage.java:33)
at objectRepository.removeWishListPage.getSelectJewellery(removeWishListPage.java:33)
at objectRepository.removeWishListPage.getSelectJewellery(removeWishListPage.java:33)
at objectRepository.removeWishListPage.getSelectJewellery(removeWishListPage.java:33)
at objectRepository.removeWishListPage.getSelectJewellery(removeWishListPage.java:33)
at objectRepository.removeWishListPage.getSelectJewellery(removeWishListPage.java:33)
at objectRepository.removeWishListPage.getSelectJewellery(removeWishListPage.java:33)
at objectRepository.removeWishListPage.getSelectJewellery(removeWishListPage.java:33)
at objectRepository.removeWishListPage.getSelectJewellery(removeWishListPage.java:33)
at objectRepository.removeWishListPage.getSelectJewellery(removeWishListPage.java:33)
at objectRepository.removeWishListPage.getSelectJewellery(removeWishListPage.java:33)
at objectRepository.removeWishListPage.getSelectJewellery(removeWishListPage.java:33)
at objectRepository.removeWishListPage.getSelectJewellery(removeWishListPage.java:33)
at objectRepository.removeWishListPage.getSelectJewellery(removeWishListPage.java:33)
at objectRepository.removeWishListPage.getSelectJewellery(removeWishListPage.java:33)
at objectRepository.removeWishListPage.getSelectJewellery(removeWishListPage.java:33)
at objectRepository.removeWishListPage.getSelectJewellery(removeWishListPage.java:33)
at objectRepository.removeWishListPage.getSelectJewellery(removeWishListPage.java:33)
at objectRepository.removeWishListPage.getSelectJewellery(removeWishListPage.java:33)
at objectRepository.removeWishListPage.getSelectJewellery(removeWishListPage.java:33)
at objectRepository.removeWishListPage.getSelectJewellery(removeWishListPage.java:33)
at objectRepository.removeWishListPage.getSelectJewellery(removeWishListPage.java:33)
at objectRepository.removeWishListPage.getSelectJewellery(removeWishListPage.java:33)
at objectRepository.removeWishListPage.getSelectJewellery(removeWishListPage.java:33)
at objectRepository.removeWishListPage.getSelectJewellery(removeWishListPage.java:33)
at objectRepository.removeWishListPage.getSelectJewellery(removeWishListPage.java:33)
at objectRepository.removeWishListPage.getSelectJewellery(removeWishListPage.java:33)
at objectRepository.removeWishListPage.getSelectJewellery(removeWishListPage.java:33)
at objectRepository.removeWishListPage.getSelectJewellery(removeWishListPage.java:33)
at objectRepository.removeWishListPage.getSelectJewellery(removeWishListPage.java:33)
at objectRepository.removeWishListPage.getSelectJewellery(removeWishListPage.java:33)
at objectRepository.removeWishListPage.getSelectJewellery(removeWishListPage.java:33)
at objectRepository.removeWishListPage.getSelectJewellery(removeWishListPage.java:33)
at objectRepository.removeWishListPage.getSelectJewellery(removeWishListPage.java:33)
at objectRepository.removeWishListPage.getSelectJewellery(removeWishListPage.java:33)
at objectRepository.removeWishListPage.getSelectJewellery(removeWishListPage.java:33)
at objectRepository.removeWishListPage.getSelectJewellery(removeWishListPage.java:33)
at objectRepository.removeWishListPage.getSelectJewellery(removeWishListPage.java:33)
at objectRepository.removeWishListPage.getSelectJewellery(removeWishListPage.java:33)
at objectRepository.removeWishListPage.getSelectJewellery(removeWishListPage.java:33)
at objectRepository.removeWishListPage.getSelectJewellery(removeWishListPage.java:33)
at objectRepository.removeWishListPage.getSelectJewellery(removeWishListPage.java:33)
at objectRepository.removeWishListPage.getSelectJewellery(removeWishListPage.java:33)
at objectRepository.removeWishListPage.getSelectJewellery(removeWishListPage.java:33)
at objectRepository.removeWishListPage.getSelectJewellery(removeWishListPage.java:33)
at objectRepository.removeWishListPage.getSelectJewellery(removeWishListPage.java:33)
at objectRepository.removeWishListPage.getSelectJewellery(removeWishListPage.java:33)
at objectRepository.removeWishListPage.getSelectJewellery(removeWishListPage.java:33)
at objectRepository.removeWishListPage.getSelectJewellery(removeWishListPage.java:33)
at objectRepository.removeWishListPage.getSelectJewellery(removeWishListPage.java:33)
at objectRepository.removeWishListPage.getSelectJewellery(removeWishListPage.java:33)
at objectRepository.removeWishListPage.getSelectJewellery(removeWishListPage.java:33)
at objectRepository.removeWishListPage.getSelectJewellery(removeWishListPage.java:33)
at objectRepository.removeWishListPage.getSelectJewellery(removeWishListPage.java:33)
at objectRepository.removeWishListPage.getSelectJewellery(removeWishListPage.java:33)
at objectRepository.removeWishListPage.getSelectJewellery(removeWishListPage.java:33)
at objectRepository.removeWishListPage.getSelectJewellery(removeWishListPage.java:33)
at objectRepository.removeWishListPage.getSelectJewellery(removeWishListPage.java:33)
at objectRepository.removeWishListPage.getSelectJewellery(removeWishListPage.java:33)
at objectRepository.removeWishListPage.getSelectJewellery(removeWishListPage.java:33)
at objectRepository.removeWishListPage.getSelectJewellery(removeWishListPage.java:33)
at objectRepository.removeWishListPage.getSelectJewellery(removeWishListPage.java:33)
at objectRepository.removeWishListPage.getSelectJewellery(removeWishListPage.java:33)
at objectRepository.removeWishListPage.getSelectJewellery(removeWishListPage.java:33)
at objectRepository.removeWishListPage.getSelectJewellery(removeWishListPage.java:33)
at objectRepository.removeWishListPage.getSelectJewellery(removeWishListPage.java:33)
at objectRepository.removeWishListPage.getSelectJewellery(removeWishListPage.java:33)
at objectRepository.removeWishListPage.getSelectJewellery(removeWishListPage.java:33)
at objectRepository.removeWishListPage.getSelectJewellery(removeWishListPage.java:33)
at objectRepository.removeWishListPage.getSelectJewellery(removeWishListPage.java:33)
at objectRepository.removeWishListPage.getSelectJewellery(removeWishListPage.java:33)
at objectRepository.removeWishListPage.getSelectJewellery(removeWishListPage.java:33)
at objectRepository.removeWishListPage.getSelectJewellery(removeWishListPage.java:33)
at objectRepository.removeWishListPage.getSelectJewellery(removeWishListPage.java:33)
at objectRepository.removeWishListPage.getSelectJewellery(removeWishListPage.java:33)
at objectRepository.removeWishListPage.getSelectJewellery(removeWishListPage.java:33)
at objectRepository.removeWishListPage.getSelectJewellery(removeWishListPage.java:33)
at objectRepository.removeWishListPage.getSelectJewellery(removeWishListPage.java:33)
at objectRepository.removeWishListPage.getSelectJewellery(removeWishListPage.java:33)
at objectRepository.removeWishListPage.getSelectJewellery(removeWishListPage.java:33)
at objectRepository.removeWishListPage.getSelectJewellery(removeWishListPage.java:33)
at objectRepository.removeWishListPage.getSelectJewellery(removeWishListPage.java:33)
at objectRepository.removeWishListPage.getSelectJewellery(removeWishListPage.java:33)
at objectRepository.removeWishListPage.getSelectJewellery(removeWishListPage.java:33)
at objectRepository.removeWishListPage.getSelectJewellery(removeWishListPage.java:33)
at objectRepository.removeWishListPage.getSelectJewellery(removeWishListPage.java:33)
at objectRepository.removeWishListPage.getSelectJewellery(removeWishListPage.java:33)
at objectRepository.removeWishListPage.getSelectJewellery(removeWishListPage.java:33)
at objectRepository.removeWishListPage.getSelectJewellery(removeWishListPage.java:33)
at objectRepository.removeWishListPage.getSelectJewellery(removeWishListPage.java:33)
at objectRepository.removeWishListPage.getSelectJewellery(removeWishListPage.java:33)
at objectRepository.removeWishListPage.getSelectJewellery(removeWishListPage.java:33)
at objectRepository.removeWishListPage.getSelectJewellery(removeWishListPage.java:33)
at objectRepository.removeWishListPage.getSelectJewellery(removeWishListPage.java:33)
at objectRepository.removeWishListPage.getSelectJewellery(removeWishListPage.java:33)
at objectRepository.removeWishListPage.getSelectJewellery(removeWishListPage.java:33)
at objectRepository.removeWishListPage.getSelectJewellery(removeWishListPage.java:33)
at objectRepository.removeWishListPage.getSelectJewellery(removeWishListPage.java:33)
at objectRepository.removeWishListPage.getSelectJewellery(removeWishListPage.java:33)
at objectRepository.removeWishListPage.getSelectJewellery(removeWishListPage.java:33)
at objectRepository.removeWishListPage.getSelectJewellery(removeWishListPage.java:33)
at objectRepository.removeWishListPage.getSelectJewellery(removeWishListPage.java:33)
at objectRepository.removeWishListPage.getSelectJewellery(removeWishListPage.java:33)
at objectRepository.removeWishListPage.getSelectJewellery(removeWishListPage.java:33)
at objectRepository.removeWishListPage.getSelectJewellery(removeWishListPage.java:33)
at objectRepository.removeWishListPage.getSelectJewellery(removeWishListPage.java:33)
at objectRepository.removeWishListPage.getSelectJewellery(removeWishListPage.java:33)
at objectRepository.removeWishListPage.getSelectJewellery(removeWishListPage.java:33)
at objectRepository.removeWishListPage.getSelectJewellery(removeWishListPage.java:33)
at objectRepository.removeWishListPage.getSelectJewellery(removeWishListPage.java:33)
at objectRepository.removeWishListPage.getSelectJewellery(removeWishListPage.java:33)
at objectRepository.removeWishListPage.getSelectJewellery(removeWishListPage.java:33)
at objectRepository.removeWishListPage.getSelectJewellery(removeWishListPage.java:33)
at objectRepository.removeWishListPage.getSelectJewellery(removeWishListPage.java:33)
at objectRepository.removeWishListPage.getSelectJewellery(removeWishListPage.java:33)
at objectRepository.removeWishListPage.getSelectJewellery(removeWishListPage.java:33)
at objectRepository.removeWishListPage.getSelectJewellery(removeWishListPage.java:33)
at objectRepository.removeWishListPage.getSelectJewellery(removeWishListPage.java:33)
at objectRepository.removeWishListPage.getSelectJewellery(removeWishListPage.java:33)
at objectRepository.removeWishListPage.getSelectJewellery(removeWishListPage.java:33)
at objectRepository.removeWishListPage.getSelectJewellery(removeWishListPage.java:33)
at objectRepository.removeWishListPage.getSelectJewellery(removeWishListPage.java:33)
at objectRepository.removeWishListPage.getSelectJewellery(removeWishListPage.java:33)
at objectRepository.removeWishListPage.getSelectJewellery(removeWishListPage.java:33)
at objectRepository.removeWishListPage.getSelectJewellery(removeWishListPage.java:33)
at objectRepository.removeWishListPage.getSelectJewellery(removeWishListPage.java:33)
at objectRepository.removeWishListPage.getSelectJewellery(removeWishListPage.java:33)
at objectRepository.removeWishListPage.getSelectJewellery(removeWishListPage.java:33)
at objectRepository.removeWishListPage.getSelectJewellery(removeWishListPage.java:33)
at objectRepository.removeWishListPage.getSelectJewellery(removeWishListPage.java:33)
at objectRepository.removeWishListPage.getSelectJewellery(removeWishListPage.java:33)
at objectRepository.removeWishListPage.getSelectJewellery(removeWishListPage.java:33)
at objectRepository.removeWishListPage.getSelectJewellery(removeWishListPage.java:33)
at objectRepository.removeWishListPage.getSelectJewellery(removeWishListPage.java:33)
at objectRepository.removeWishListPage.getSelectJewellery(removeWishListPage.java:33)
]]>
    </failure>
  </testcase> <!-- addproductToWishList -->
</testsuite> <!-- Default test -->
